mode: set
github.com/amirasaad/fintech/internal/infra/database.go:11.42,13.23 2 0
github.com/amirasaad/fintech/internal/infra/database.go:13.23,15.3 1 0
github.com/amirasaad/fintech/internal/infra/database.go:16.2,17.16 2 0
github.com/amirasaad/fintech/internal/infra/database.go:17.16,19.3 1 0
github.com/amirasaad/fintech/internal/infra/database.go:20.2,21.16 2 0
github.com/amirasaad/fintech/internal/infra/database.go:21.16,23.3 1 0
github.com/amirasaad/fintech/internal/infra/database.go:24.2,24.24 1 0
github.com/amirasaad/fintech/internal/infra/orm.go:14.69,16.2 1 0
github.com/amirasaad/fintech/internal/infra/orm.go:18.72,21.25 3 0
github.com/amirasaad/fintech/internal/infra/orm.go:21.25,23.3 1 0
github.com/amirasaad/fintech/internal/infra/orm.go:24.2,24.78 1 0
github.com/amirasaad/fintech/internal/infra/orm.go:27.61,29.25 2 0
github.com/amirasaad/fintech/internal/infra/orm.go:29.25,31.3 1 0
github.com/amirasaad/fintech/internal/infra/orm.go:32.2,32.12 1 0
github.com/amirasaad/fintech/internal/infra/orm.go:35.61,41.25 3 0
github.com/amirasaad/fintech/internal/infra/orm.go:41.25,43.3 1 0
github.com/amirasaad/fintech/internal/infra/orm.go:44.2,44.12 1 0
github.com/amirasaad/fintech/internal/infra/orm.go:47.56,49.25 2 0
github.com/amirasaad/fintech/internal/infra/orm.go:49.25,51.3 1 0
github.com/amirasaad/fintech/internal/infra/orm.go:52.2,52.12 1 0
github.com/amirasaad/fintech/internal/infra/orm.go:59.77,61.2 1 0
github.com/amirasaad/fintech/internal/infra/orm.go:63.79,66.25 2 0
github.com/amirasaad/fintech/internal/infra/orm.go:66.25,68.3 1 0
github.com/amirasaad/fintech/internal/infra/orm.go:69.2,69.12 1 0
github.com/amirasaad/fintech/internal/infra/orm.go:72.80,75.25 3 0
github.com/amirasaad/fintech/internal/infra/orm.go:75.25,77.3 1 0
github.com/amirasaad/fintech/internal/infra/orm.go:78.2,78.94 1 0
github.com/amirasaad/fintech/internal/infra/orm.go:81.90,84.25 3 0
github.com/amirasaad/fintech/internal/infra/orm.go:84.25,86.3 1 0
github.com/amirasaad/fintech/internal/infra/orm.go:87.2,88.35 2 0
github.com/amirasaad/fintech/internal/infra/orm.go:88.35,90.3 1 0
github.com/amirasaad/fintech/internal/infra/orm.go:91.2,91.16 1 0
github.com/amirasaad/fintech/internal/infra/uow.go:16.33,19.16 2 0
github.com/amirasaad/fintech/internal/infra/uow.go:19.16,21.3 1 0
github.com/amirasaad/fintech/internal/infra/uow.go:22.2,25.8 1 0
github.com/amirasaad/fintech/internal/infra/uow.go:27.29,29.22 2 0
github.com/amirasaad/fintech/internal/infra/uow.go:29.22,32.3 2 0
github.com/amirasaad/fintech/internal/infra/uow.go:33.2,33.15 1 0
github.com/amirasaad/fintech/internal/infra/uow.go:33.15,36.3 2 0
github.com/amirasaad/fintech/internal/infra/uow.go:37.2,39.21 3 0
github.com/amirasaad/fintech/internal/infra/uow.go:39.21,42.3 2 0
github.com/amirasaad/fintech/internal/infra/uow.go:43.2,46.12 4 0
github.com/amirasaad/fintech/internal/infra/uow.go:48.30,50.16 2 0
github.com/amirasaad/fintech/internal/infra/uow.go:50.16,53.3 2 0
github.com/amirasaad/fintech/internal/infra/uow.go:54.2,55.16 2 0
github.com/amirasaad/fintech/internal/infra/uow.go:55.16,57.3 1 0
github.com/amirasaad/fintech/internal/infra/uow.go:57.8,60.3 2 0
github.com/amirasaad/fintech/internal/infra/uow.go:61.2,61.12 1 0
github.com/amirasaad/fintech/internal/infra/uow.go:63.32,65.16 2 0
github.com/amirasaad/fintech/internal/infra/uow.go:65.16,68.3 2 0
github.com/amirasaad/fintech/internal/infra/uow.go:69.2,70.16 2 0
github.com/amirasaad/fintech/internal/infra/uow.go:70.16,72.3 1 0
github.com/amirasaad/fintech/internal/infra/uow.go:72.8,75.3 2 0
github.com/amirasaad/fintech/internal/infra/uow.go:76.2,76.12 1 0
github.com/amirasaad/fintech/internal/infra/uow.go:79.64,80.16 1 0
github.com/amirasaad/fintech/internal/infra/uow.go:80.16,83.3 2 0
github.com/amirasaad/fintech/internal/infra/uow.go:84.2,84.40 1 0
github.com/amirasaad/fintech/internal/infra/uow.go:86.72,87.16 1 0
github.com/amirasaad/fintech/internal/infra/uow.go:87.16,90.3 2 0
github.com/amirasaad/fintech/internal/infra/uow.go:91.2,91.44 1 0
github.com/amirasaad/fintech/cmd/server.go:10.13,13.54 2 0
github.com/amirasaad/fintech/cmd/server.go:13.54,15.3 1 0
github.com/amirasaad/fintech/cmd/server.go:17.2,17.40 1 0
github.com/amirasaad/fintech/cmd/server.go:17.40,19.3 1 0
github.com/amirasaad/fintech/cmd/server.go:21.2,24.16 3 0
github.com/amirasaad/fintech/cmd/server.go:24.16,25.33 1 0
github.com/amirasaad/fintech/pkg/domain/account.go:28.28,36.2 1 1
github.com/amirasaad/fintech/pkg/domain/account.go:38.91,46.2 1 0
github.com/amirasaad/fintech/pkg/domain/account.go:48.109,56.2 1 0
github.com/amirasaad/fintech/pkg/domain/account.go:61.65,66.16 4 1
github.com/amirasaad/fintech/pkg/domain/account.go:66.16,68.3 1 1
github.com/amirasaad/fintech/pkg/domain/account.go:70.2,71.32 2 1
github.com/amirasaad/fintech/pkg/domain/account.go:71.32,73.3 1 1
github.com/amirasaad/fintech/pkg/domain/account.go:74.2,86.26 6 1
github.com/amirasaad/fintech/pkg/domain/account.go:92.66,97.16 4 1
github.com/amirasaad/fintech/pkg/domain/account.go:97.16,99.3 1 1
github.com/amirasaad/fintech/pkg/domain/account.go:100.2,101.30 2 1
github.com/amirasaad/fintech/pkg/domain/account.go:101.30,103.3 1 1
github.com/amirasaad/fintech/pkg/domain/account.go:104.2,116.26 6 1
github.com/amirasaad/fintech/pkg/domain/account.go:121.40,124.2 2 1
github.com/amirasaad/fintech/pkg/handler/account.go:11.86,12.48 1 1
github.com/amirasaad/fintech/pkg/handler/account.go:12.48,15.17 3 1
github.com/amirasaad/fintech/pkg/handler/account.go:15.17,19.4 1 1
github.com/amirasaad/fintech/pkg/handler/account.go:20.3,24.17 4 1
github.com/amirasaad/fintech/pkg/handler/account.go:24.17,30.4 3 1
github.com/amirasaad/fintech/pkg/handler/account.go:31.3,33.17 3 1
github.com/amirasaad/fintech/pkg/handler/account.go:33.17,35.4 1 0
github.com/amirasaad/fintech/pkg/handler/account.go:36.3,36.19 1 1
github.com/amirasaad/fintech/pkg/handler/account.go:39.2,39.60 1 1
github.com/amirasaad/fintech/pkg/handler/account.go:39.60,41.17 2 1
github.com/amirasaad/fintech/pkg/handler/account.go:41.17,43.4 1 1
github.com/amirasaad/fintech/pkg/handler/account.go:44.3,45.17 2 1
github.com/amirasaad/fintech/pkg/handler/account.go:45.17,49.4 1 0
github.com/amirasaad/fintech/pkg/handler/account.go:50.3,54.17 3 1
github.com/amirasaad/fintech/pkg/handler/account.go:54.17,60.4 3 0
github.com/amirasaad/fintech/pkg/handler/account.go:61.3,64.17 4 1
github.com/amirasaad/fintech/pkg/handler/account.go:64.17,70.4 3 1
github.com/amirasaad/fintech/pkg/handler/account.go:71.3,74.17 4 1
github.com/amirasaad/fintech/pkg/handler/account.go:74.17,80.4 3 0
github.com/amirasaad/fintech/pkg/handler/account.go:81.3,83.17 3 1
github.com/amirasaad/fintech/pkg/handler/account.go:83.17,88.4 2 1
github.com/amirasaad/fintech/pkg/handler/account.go:89.3,91.17 3 1
github.com/amirasaad/fintech/pkg/handler/account.go:91.17,96.4 2 0
github.com/amirasaad/fintech/pkg/handler/account.go:97.3,98.17 2 1
github.com/amirasaad/fintech/pkg/handler/account.go:98.17,103.4 2 1
github.com/amirasaad/fintech/pkg/handler/account.go:104.3,106.17 3 1
github.com/amirasaad/fintech/pkg/handler/account.go:106.17,108.4 1 0
github.com/amirasaad/fintech/pkg/handler/account.go:109.3,109.20 1 1
github.com/amirasaad/fintech/pkg/handler/account.go:112.2,112.61 1 1
github.com/amirasaad/fintech/pkg/handler/account.go:112.61,114.17 2 1
github.com/amirasaad/fintech/pkg/handler/account.go:114.17,118.4 1 1
github.com/amirasaad/fintech/pkg/handler/account.go:119.3,120.17 2 1
github.com/amirasaad/fintech/pkg/handler/account.go:120.17,124.4 1 0
github.com/amirasaad/fintech/pkg/handler/account.go:125.3,132.17 6 1
github.com/amirasaad/fintech/pkg/handler/account.go:132.17,136.4 1 0
github.com/amirasaad/fintech/pkg/handler/account.go:137.3,140.17 3 1
github.com/amirasaad/fintech/pkg/handler/account.go:140.17,145.4 2 0
github.com/amirasaad/fintech/pkg/handler/account.go:147.3,149.17 3 1
github.com/amirasaad/fintech/pkg/handler/account.go:149.17,154.4 2 0
github.com/amirasaad/fintech/pkg/handler/account.go:156.3,158.17 3 1
github.com/amirasaad/fintech/pkg/handler/account.go:158.17,164.4 3 1
github.com/amirasaad/fintech/pkg/handler/account.go:166.3,167.17 2 1
github.com/amirasaad/fintech/pkg/handler/account.go:167.17,173.4 3 0
github.com/amirasaad/fintech/pkg/handler/account.go:175.3,176.17 2 1
github.com/amirasaad/fintech/pkg/handler/account.go:176.17,182.4 3 0
github.com/amirasaad/fintech/pkg/handler/account.go:183.3,185.17 3 1
github.com/amirasaad/fintech/pkg/handler/account.go:185.17,187.4 1 0
github.com/amirasaad/fintech/pkg/handler/account.go:188.3,188.20 1 1
github.com/amirasaad/fintech/pkg/handler/account.go:191.2,191.64 1 1
github.com/amirasaad/fintech/pkg/handler/account.go:191.64,193.17 2 1
github.com/amirasaad/fintech/pkg/handler/account.go:193.17,197.4 1 1
github.com/amirasaad/fintech/pkg/handler/account.go:198.3,200.17 3 1
github.com/amirasaad/fintech/pkg/handler/account.go:200.17,205.4 2 0
github.com/amirasaad/fintech/pkg/handler/account.go:206.3,207.17 2 1
github.com/amirasaad/fintech/pkg/handler/account.go:207.17,212.4 2 0
github.com/amirasaad/fintech/pkg/handler/account.go:213.3,214.20 2 1
github.com/amirasaad/fintech/pkg/handler/account.go:217.2,217.59 1 1
github.com/amirasaad/fintech/pkg/handler/account.go:217.59,219.17 2 1
github.com/amirasaad/fintech/pkg/handler/account.go:219.17,223.4 1 1
github.com/amirasaad/fintech/pkg/handler/account.go:224.3,226.17 3 1
github.com/amirasaad/fintech/pkg/handler/account.go:226.17,231.4 2 0
github.com/amirasaad/fintech/pkg/handler/account.go:232.3,233.17 2 1
github.com/amirasaad/fintech/pkg/handler/account.go:233.17,238.4 2 0
github.com/amirasaad/fintech/pkg/handler/account.go:239.3,242.5 2 1
